#
# There is insufficient memory for the Java Runtime Environment to continue.
# Native memory allocation (mmap) failed to map 121634816 bytes for G1 virtual space
# Possible reasons:
#   The system is out of physical RAM or swap space
#   The process is running with CompressedOops enabled, and the Java Heap may be blocking the growth of the native heap
# Possible solutions:
#   Reduce memory load on the system
#   Increase physical memory or swap space
#   Check if swap backing store is full
#   Decrease Java heap size (-Xmx/-Xms)
#   Decrease number of Java threads
#   Decrease Java thread stack sizes (-Xss)
#   Set larger code cache with -XX:ReservedCodeCacheSize=
#   JVM is running with Unscaled Compressed Oops mode in which the Java heap is
#     placed in the first 4GB address space. The Java Heap base address is the
#     maximum limit for the native heap growth. Please use -XX:HeapBaseMinAddress
#     to set the Java Heap base and to place the Java Heap above 4GB virtual address.
# This output file may be truncated or incomplete.
#
#  Out of Memory Error (os_windows.cpp:3829), pid=25128, tid=31668
#
# JRE version:  (17.0.8+7) (build )
# Java VM: OpenJDK 64-Bit Server VM (17.0.8+7-b1000.22, mixed mode, sharing, tiered, compressed oops, compressed class ptrs, g1 gc, windows-amd64)
# No core dump will be written. Minidumps are not enabled by default on client versions of Windows
#

---------------  S U M M A R Y ------------

Command Line: -ea -Didea.test.cyclic.buffer.size=1048576 -javaagent:C:\Program Files\JetBrains\IntelliJ IDEA Community Edition 2023.2\lib\idea_rt.jar=62022:C:\Program Files\JetBrains\IntelliJ IDEA Community Edition 2023.2\bin -Dfile.encoding=UTF-8 com.intellij.rt.testng.RemoteTestNGStarter -usedefaultlisteners false -socket62021 @w@C:\Users\Mysense\AppData\Local\Temp\idea_working_dirs_testng.tmp -temp C:\Users\Mysense\AppData\Local\Temp\idea_testng.tmp

Host: AMD Ryzen 5 PRO 4650U with Radeon Graphics, 12 cores, 7G,  Windows 11 , 64 bit Build 22621 (10.0.22621.3374)
Time: Thu Apr  4 18:02:36 2024 India Standard Time elapsed time: 0.044585 seconds (0d 0h 0m 0s)

---------------  T H R E A D  ---------------

Current thread (0x000001bba9ed4fa0):  JavaThread "Unknown thread" [_thread_in_vm, id=31668, stack(0x0000000648c00000,0x0000000648d00000)]

Stack: [0x0000000648c00000,0x0000000648d00000]
Native frames: (J=compiled Java code, j=interpreted, Vv=VM code, C=native code)
V  [jvm.dll+0x6852da]  os::platform_print_native_stack+0xca  (os_windows_x86.cpp:235)
V  [jvm.dll+0x844c84]  VMError::report+0xc34  (vmError.cpp:745)
V  [jvm.dll+0x84659e]  VMError::report_and_die+0x78e  (vmError.cpp:1586)
V  [jvm.dll+0x846c03]  VMError::report_and_die+0x43  (vmError.cpp:1372)
V  [jvm.dll+0x24b7cf]  report_vm_out_of_memory+0x8f  (debug.cpp:321)
V  [jvm.dll+0x682049]  os::pd_commit_memory_or_exit+0xc9  (os_windows.cpp:3837)
V  [jvm.dll+0x67671a]  os::commit_memory_or_exit+0x2a  (os.cpp:1754)
V  [jvm.dll+0x30be2b]  G1PageBasedVirtualSpace::commit+0x19b  (g1PageBasedVirtualSpace.cpp:204)
V  [jvm.dll+0x3132d6]  G1RegionsLargerThanCommitSizeMapper::commit_regions+0x96  (g1RegionToSpaceMapper.cpp:100)
V  [jvm.dll+0x36302e]  HeapRegionManager::expand_any+0xee  (heapRegionManager.cpp:363)
V  [jvm.dll+0x36325f]  HeapRegionManager::expand_by+0x7f  (heapRegionManager.cpp:380)
V  [jvm.dll+0x2e1f48]  G1CollectedHeap::expand+0xb8  (g1CollectedHeap.cpp:1298)
V  [jvm.dll+0x2e2eb4]  G1CollectedHeap::initialize+0x664  (g1CollectedHeap.cpp:1719)
V  [jvm.dll+0x815c11]  universe_init+0xb1  (universe.cpp:736)
V  [jvm.dll+0x370df1]  init_globals+0x31  (init.cpp:124)
V  [jvm.dll+0x7f4fdc]  Threads::create_vm+0x60c  (thread.cpp:2901)
V  [jvm.dll+0x3f3f1f]  JNI_CreateJavaVM_inner+0x8f  (jni.cpp:3635)
V  [jvm.dll+0x3f5b31]  JNI_CreateJavaVM+0x11  (jni.cpp:3727)
C  [jli.dll+0x528f]  JavaMain+0x113  (java.c:413)
C  [ucrtbase.dll+0x29333]
C  [KERNEL32.DLL+0x1257d]
C  [ntdll.dll+0x5aa48]


---------------  P R O C E S S  ---------------

Threads class SMR info:
_java_thread_list=0x00007ffe70120098, length=0, elements={
}

Java Threads: ( => current thread )

Other Threads:
  0x000001bba9f2a180 GCTaskThread "GC Thread#0" [stack: 0x0000000648d00000,0x0000000648e00000] [id=29640]
  0x000001bba9f39810 ConcurrentGCThread "G1 Main Marker" [stack: 0x0000000648e00000,0x0000000648f00000] [id=29212]
  0x000001bba9f3a220 ConcurrentGCThread "G1 Conc#0" [stack: 0x0000000648f00000,0x0000000649000000] [id=26680]

[error occurred during error reporting (printing all threads), id 0xc0000005, EXCEPTION_ACCESS_VIOLATION (0xc0000005) at pc=0x00007ffe6f8d2ab7]

VM state: not at safepoint (not fully initialized)

VM Mutex/Monitor currently owned by a thread:  ([mutex/lock_event])
[0x000001bba9ecf400] Heap_lock - owner thread: 0x000001bba9ed4fa0

Heap address: 0x000000008c600000, size: 1850 MB, Compressed Oops mode: 32-bit

CDS archive(s) mapped at: [0x0000000000000000-0x0000000000000000-0x0000000000000000), size 0, SharedBaseAddress: 0x0000000800000000, ArchiveRelocationMode: 1.
Narrow klass base: 0x0000000000000000, Narrow klass shift: 0, Narrow klass range: 0x0

GC Precious Log:
<Empty>

Heap:
 garbage-first heap   total 0K, used 0K [0x000000008c600000, 0x0000000100000000)
  region size 1024K, 0 young (0K), 0 survivors (0K)
 Metaspace       used 0K, committed 0K, reserved 0K
  class space    used 0K, committed 0K, reserved 0K

Heap Regions: E=young(eden), S=young(survivor), O=old, HS=humongous(starts), HC=humongous(continues), CS=collection set, F=free, OA=open archive, CA=closed archive, TAMS=top-at-mark-start (previous, next)

Card table byte_map: [0x000001bbbcf70000,0x000001bbbd310000] _byte_map_base: 0x000001bbbcb0d000

Marking Bits (Prev, Next): (CMBitMap*) 0x000001bba9f2a7a0, (CMBitMap*) 0x000001bba9f2a7e0
 Prev Bits: [0x000001bbbd6b0000, 0x000001bbbf398000)
 Next Bits: [0x000001bbbf3a0000, 0x000001bbc1088000)

GC Heap History (0 events):
No events

Dll operation events (1 events):
Event: 0.033 Loaded shared library C:\Users\Mysense\.jdks\jbr-17.0.8\bin\java.dll

Deoptimization events (0 events):
No events

Classes unloaded (0 events):
No events

Classes redefined (0 events):
No events

Internal exceptions (0 events):
No events

VM Operations (0 events):
No events

Events (0 events):
No events


Dynamic libraries:
0x00007ff76c2a0000 - 0x00007ff76c2aa000 	C:\Users\Mysense\.jdks\jbr-17.0.8\bin\java.exe
0x00007ffee7270000 - 0x00007ffee7486000 	C:\WINDOWS\SYSTEM32\ntdll.dll
0x00007ffee64f0000 - 0x00007ffee65b4000 	C:\WINDOWS\System32\KERNEL32.DLL
0x00007ffee4780000 - 0x00007ffee4b27000 	C:\WINDOWS\System32\KERNELBASE.dll
0x00007ffee41e0000 - 0x00007ffee4300000 	C:\Windows\system32\hmpalert.dll
0x00007ffee45c0000 - 0x00007ffee46d1000 	C:\WINDOWS\System32\ucrtbase.dll
0x00007ffedaff0000 - 0x00007ffedb007000 	C:\Users\Mysense\.jdks\jbr-17.0.8\bin\jli.dll
0x00007ffee53a0000 - 0x00007ffee554e000 	C:\WINDOWS\System32\USER32.dll
0x00007ffedb010000 - 0x00007ffedb02b000 	C:\Users\Mysense\.jdks\jbr-17.0.8\bin\VCRUNTIME140.dll
0x00007ffee4590000 - 0x00007ffee45b6000 	C:\WINDOWS\System32\win32u.dll
0x00007ffee7200000 - 0x00007ffee7229000 	C:\WINDOWS\System32\GDI32.dll
0x00007ffee4e80000 - 0x00007ffee4f99000 	C:\WINDOWS\System32\gdi32full.dll
0x00007ffee46e0000 - 0x00007ffee477a000 	C:\WINDOWS\System32\msvcp_win.dll
0x00007ffecc120000 - 0x00007ffecc3b3000 	C:\WINDOWS\WinSxS\amd64_microsoft.windows.common-controls_6595b64144ccf1df_6.0.22621.3235_none_270f74e173860f98\COMCTL32.dll
0x00007ffee5f60000 - 0x00007ffee6007000 	C:\WINDOWS\System32\msvcrt.dll
0x00007ffee61e0000 - 0x00007ffee6211000 	C:\WINDOWS\System32\IMM32.DLL
0x00007ffedb2f0000 - 0x00007ffedb2fc000 	C:\Users\Mysense\.jdks\jbr-17.0.8\bin\vcruntime140_1.dll
0x00007ffebe010000 - 0x00007ffebe09d000 	C:\Users\Mysense\.jdks\jbr-17.0.8\bin\msvcp140.dll
0x00007ffe6f5e0000 - 0x00007ffe70263000 	C:\Users\Mysense\.jdks\jbr-17.0.8\bin\server\jvm.dll
0x00007ffee6280000 - 0x00007ffee6332000 	C:\WINDOWS\System32\ADVAPI32.dll
0x00007ffee7150000 - 0x00007ffee71f8000 	C:\WINDOWS\System32\sechost.dll
0x00007ffee4b30000 - 0x00007ffee4b58000 	C:\WINDOWS\System32\bcrypt.dll
0x00007ffee5e40000 - 0x00007ffee5f55000 	C:\WINDOWS\System32\RPCRT4.dll
0x00007ffee40e0000 - 0x00007ffee412d000 	C:\WINDOWS\SYSTEM32\POWRPROF.dll
0x00007ffede6c0000 - 0x00007ffede6ca000 	C:\WINDOWS\SYSTEM32\VERSION.dll
0x00007ffedd620000 - 0x00007ffedd629000 	C:\WINDOWS\SYSTEM32\WSOCK32.dll
0x00007ffee55b0000 - 0x00007ffee5621000 	C:\WINDOWS\System32\WS2_32.dll
0x00007ffeddf30000 - 0x00007ffeddf64000 	C:\WINDOWS\SYSTEM32\WINMM.dll
0x00007ffee40c0000 - 0x00007ffee40d3000 	C:\WINDOWS\SYSTEM32\UMPDC.dll
0x00007ffee3480000 - 0x00007ffee3498000 	C:\WINDOWS\SYSTEM32\kernel.appcore.dll
0x00007ffedae00000 - 0x00007ffedae0a000 	C:\Users\Mysense\.jdks\jbr-17.0.8\bin\jimage.dll
0x00007ffee1e90000 - 0x00007ffee20c3000 	C:\WINDOWS\SYSTEM32\DBGHELP.DLL
0x00007ffee5ab0000 - 0x00007ffee5e38000 	C:\WINDOWS\System32\combase.dll
0x00007ffee6800000 - 0x00007ffee68d7000 	C:\WINDOWS\System32\OLEAUT32.dll
0x00007ffedd160000 - 0x00007ffedd192000 	C:\WINDOWS\SYSTEM32\dbgcore.DLL
0x00007ffee4b60000 - 0x00007ffee4bd9000 	C:\WINDOWS\System32\bcryptPrimitives.dll
0x00007ffedadf0000 - 0x00007ffedadfe000 	C:\Users\Mysense\.jdks\jbr-17.0.8\bin\instrument.dll
0x00007ffed7dd0000 - 0x00007ffed7df5000 	C:\Users\Mysense\.jdks\jbr-17.0.8\bin\java.dll

dbghelp: loaded successfully - version: 4.0.5 - missing functions: none
symbol engine: initialized successfully - sym options: 0x614 - pdb path: .;C:\Users\Mysense\.jdks\jbr-17.0.8\bin;C:\WINDOWS\SYSTEM32;C:\WINDOWS\WinSxS\amd64_microsoft.windows.common-controls_6595b64144ccf1df_6.0.22621.3235_none_270f74e173860f98;C:\Users\Mysense\.jdks\jbr-17.0.8\bin\server

VM Arguments:
jvm_args: -ea -Didea.test.cyclic.buffer.size=1048576 -javaagent:C:\Program Files\JetBrains\IntelliJ IDEA Community Edition 2023.2\lib\idea_rt.jar=62022:C:\Program Files\JetBrains\IntelliJ IDEA Community Edition 2023.2\bin -Dfile.encoding=UTF-8 
java_command: com.intellij.rt.testng.RemoteTestNGStarter -usedefaultlisteners false -socket62021 @w@C:\Users\Mysense\AppData\Local\Temp\idea_working_dirs_testng.tmp -temp C:\Users\Mysense\AppData\Local\Temp\idea_testng.tmp
java_class_path (initial): C:\Program Files\JetBrains\IntelliJ IDEA Community Edition 2023.2\lib\idea_rt.jar;C:\Program Files\JetBrains\IntelliJ IDEA Community Edition 2023.2\plugins\testng\lib\testng-rt.jar;C:\Users\Mysense\Desktop\TheBeerStore\target\test-classes;C:\Users\Mysense\Desktop\TheBeerStore\target\classes;C:\Users\Mysense\.m2\repository\org\seleniumhq\selenium\selenium-java\4.11.0\selenium-java-4.11.0.jar;C:\Users\Mysense\.m2\repository\org\seleniumhq\selenium\selenium-chrome-driver\4.11.0\selenium-chrome-driver-4.11.0.jar;C:\Users\Mysense\.m2\repository\com\google\auto\service\auto-service-annotations\1.0.1\auto-service-annotations-1.0.1.jar;C:\Users\Mysense\.m2\repository\com\google\guava\guava\31.1-jre\guava-31.1-jre.jar;C:\Users\Mysense\.m2\repository\com\google\guava\failureaccess\1.0.1\failureaccess-1.0.1.jar;C:\Users\Mysense\.m2\repository\com\google\guava\listenablefuture\9999.0-empty-to-avoid-conflict-with-guava\listenablefuture-9999.0-empty-to-avoid-conflict-with-guava.jar;C:\Users\Mysense\.m2\repository\org\checkerframework\checker-qual\3.12.0\checker-qual-3.12.0.jar;C:\Users\Mysense\.m2\repository\com\google\errorprone\error_prone_annotations\2.11.0\error_prone_annotations-2.11.0.jar;C:\Users\Mysense\.m2\repository\com\google\j2objc\j2objc-annotations\1.3\j2objc-annotations-1.3.jar;C:\Users\Mysense\.m2\repository\org\seleniumhq\selenium\selenium-chromium-driver\4.11.0\selenium-chromium-driver-4.11.0.jar;C:\Users\Mysense\.m2\repository\org\seleniumhq\selenium\selenium-json\4.11.0\selenium-json-4.11.0.jar;C:\Users\Mysense\.m2\repository\org\seleniumhq\selenium\selenium-manager\4.11.0\selenium-manager-4.11.0.jar;C:\Users\Mysense\.m2\repository\org\seleniumhq\selenium\selenium-devtools-v113\4.11.0\selenium-devtools-v113-4.11.0.jar;C:\Users\Mysense\.m2\repository\org\seleniumhq\selenium\selenium-devtools-v114\4.11.0\selenium-devtools-v114-4.11.0.jar;C:\Users\Mysense\.m2\repository\org\seleniumhq\selenium\selenium-devtools-v115\4.11.0\selenium-de
Launcher Type: SUN_STANDARD

[Global flags]
     intx CICompilerCount                          = 4                                         {product} {ergonomic}
     uint ConcGCThreads                            = 3                                         {product} {ergonomic}
     uint G1ConcRefinementThreads                  = 10                                        {product} {ergonomic}
   size_t G1HeapRegionSize                         = 1048576                                   {product} {ergonomic}
    uintx GCDrainStackTargetSize                   = 64                                        {product} {ergonomic}
   size_t InitialHeapSize                          = 121634816                                 {product} {ergonomic}
   size_t MarkStackSize                            = 4194304                                   {product} {ergonomic}
   size_t MaxHeapSize                              = 1939865600                                {product} {ergonomic}
   size_t MinHeapDeltaBytes                        = 1048576                                   {product} {ergonomic}
   size_t MinHeapSize                              = 8388608                                   {product} {ergonomic}
    uintx NonNMethodCodeHeapSize                   = 5839372                                {pd product} {ergonomic}
    uintx NonProfiledCodeHeapSize                  = 122909434                              {pd product} {ergonomic}
    uintx ProfiledCodeHeapSize                     = 122909434                              {pd product} {ergonomic}
    uintx ReservedCodeCacheSize                    = 251658240                              {pd product} {ergonomic}
     bool SegmentedCodeCache                       = true                                      {product} {ergonomic}
   size_t SoftMaxHeapSize                          = 1939865600                             {manageable} {ergonomic}
     bool UseCompressedClassPointers               = true                           {product lp64_product} {ergonomic}
     bool UseCompressedOops                        = true                           {product lp64_product} {ergonomic}
     bool UseG1GC                                  = true                                      {product} {ergonomic}
     bool UseLargePagesIndividualAllocation        = false                                  {pd product} {ergonomic}

Logging:
Log output configuration:
 #0: stdout all=warning uptime,level,tags
 #1: stderr all=off uptime,level,tags

Environment Variables:
JAVA_HOME=C:\Program Files\Java\jdk-17
PATH=C:\Program Files\Common Files\Oracle\Java\javapath;C:\WINDOWS\system32;C:\WINDOWS;C:\WINDOWS\System32\Wbem;C:\WINDOWS\System32\WindowsPowerShell\v1.0\;C:\WINDOWS\System32\OpenSSH\;C:\Program Files\dotnet\;C:\Program Files\nodejs\;C:\Program Files\Java\jdk-17\bin;C:\Program Files\Java\jdk-17\bin;C:\Users\Mysense\AppData\Local\Android\Sdk\platforms;C:\Users\Mysense\AppData\Local\Android\Sdk;C:\Users\Mysense\AppData\Local\Android\Sdk\platform-tools;C:\Users\Mysense\AppData\Local\Microsoft\WindowsApps;C:\Users\Mysense\AppData\Local\Programs\Microsoft VS Code\bin;C:\Program Files\JetBrains\IntelliJ IDEA Community Edition 2022.2.4\bin;;C:\Users\Mysense\AppData\Roaming\npm;C:\Users\Mysense\AppData\Local\Android\Sdk\plateform-tools;%Android_Hom%\tools;
USERNAME=Mysense
OS=Windows_NT
PROCESSOR_IDENTIFIER=AMD64 Family 23 Model 96 Stepping 1, AuthenticAMD
TMP=C:\Users\Mysense\AppData\Local\Temp
TEMP=C:\Users\Mysense\AppData\Local\Temp


JNI global refs:
JNI global refs: 0, weak refs: 0

JNI global refs memory usage: 0, weak refs: 0

OOME stack traces (most recent first):
Classloader memory used:


---------------  S Y S T E M  ---------------

OS:
 Windows 11 , 64 bit Build 22621 (10.0.22621.3374)
OS uptime: 5 days 23:12 hours
Hyper-V role detected

CPU: total 12 (initial active 12) (12 cores per cpu, 2 threads per core) family 23 model 96 stepping 1 microcode 0x0, cx8, cmov, fxsr, ht, mmx, 3dnowpref, sse, sse2, sse3, ssse3, sse4a, sse4.1, sse4.2, popcnt, lzcnt, tsc, tscinvbit, avx, avx2, aes, clmul, bmi1, bmi2, adx, sha, fma, vzeroupper, clflush, clflushopt, hv
Processor Information for all 12 processors :
  Max Mhz: 2100, Current Mhz: 2100, Mhz Limit: 2100

Memory: 4k page, system-wide physical 7399M (408M free)
TotalPageFile size 26247M (AvailPageFile size 60M)
current process WorkingSet (physical memory assigned to process): 45M, peak: 45M
current process commit charge ("private bytes"): 99M, peak: 182M

vm_info: OpenJDK 64-Bit Server VM (17.0.8+7-b1000.22) for windows-amd64 JRE (17.0.8+7-b1000.22), built on 2023-09-02 by "builduser" with MS VC++ 16.10 / 16.11 (VS2019)

END.
