#
# There is insufficient memory for the Java Runtime Environment to continue.
# Native memory allocation (malloc) failed to allocate 32744 bytes for ChunkPool::allocate
# Possible reasons:
#   The system is out of physical RAM or swap space
#   The process is running with CompressedOops enabled, and the Java Heap may be blocking the growth of the native heap
# Possible solutions:
#   Reduce memory load on the system
#   Increase physical memory or swap space
#   Check if swap backing store is full
#   Decrease Java heap size (-Xmx/-Xms)
#   Decrease number of Java threads
#   Decrease Java thread stack sizes (-Xss)
#   Set larger code cache with -XX:ReservedCodeCacheSize=
#   JVM is running with Unscaled Compressed Oops mode in which the Java heap is
#     placed in the first 4GB address space. The Java Heap base address is the
#     maximum limit for the native heap growth. Please use -XX:HeapBaseMinAddress
#     to set the Java Heap base and to place the Java Heap above 4GB virtual address.
# This output file may be truncated or incomplete.
#
#  Out of Memory Error (arena.cpp:78), pid=32648, tid=27136
#
# JRE version: OpenJDK Runtime Environment JBR-17.0.8+7-1000.22-nomod (17.0.8+7) (build 17.0.8+7-b1000.22)
# Java VM: OpenJDK 64-Bit Server VM JBR-17.0.8+7-1000.22-nomod (17.0.8+7-b1000.22, mixed mode, tiered, compressed oops, compressed class ptrs, g1 gc, windows-amd64)
# No core dump will be written. Minidumps are not enabled by default on client versions of Windows
#

---------------  S U M M A R Y ------------

Command Line: -ea -Didea.test.cyclic.buffer.size=1048576 -javaagent:C:\Program Files\JetBrains\IntelliJ IDEA Community Edition 2023.2\lib\idea_rt.jar=62209:C:\Program Files\JetBrains\IntelliJ IDEA Community Edition 2023.2\bin -Dfile.encoding=UTF-8 com.intellij.rt.testng.RemoteTestNGStarter -usedefaultlisteners false -socket62208 @w@C:\Users\Mysense\AppData\Local\Temp\idea_working_dirs_testng.tmp -temp C:\Users\Mysense\AppData\Local\Temp\idea_testng.tmp

Host: AMD Ryzen 5 PRO 4650U with Radeon Graphics, 12 cores, 7G,  Windows 11 , 64 bit Build 22621 (10.0.22621.3374)
Time: Fri Apr  5 10:38:50 2024 India Standard Time elapsed time: 6.436157 seconds (0d 0h 0m 6s)

---------------  T H R E A D  ---------------

Current thread (0x0000025ef92019b0):  JavaThread "C2 CompilerThread0" daemon [_thread_in_native, id=27136, stack(0x0000007df9000000,0x0000007df9100000)]


Current CompileTask:
C2:   6436 2046       4       jdk.internal.org.objectweb.asm.Frame::execute (2305 bytes)

Stack: [0x0000007df9000000,0x0000007df9100000]
Native frames: (J=compiled Java code, j=interpreted, Vv=VM code, C=native code)
V  [jvm.dll+0x6852da]
V  [jvm.dll+0x844c84]
V  [jvm.dll+0x84659e]
V  [jvm.dll+0x846c03]
V  [jvm.dll+0x24b7cf]
V  [jvm.dll+0xac5dc]
V  [jvm.dll+0xac98c]
V  [jvm.dll+0x9165e]
V  [jvm.dll+0x610ca5]
V  [jvm.dll+0x6167ab]
V  [jvm.dll+0x617572]
V  [jvm.dll+0x615ad4]
V  [jvm.dll+0x21d668]
V  [jvm.dll+0x21cc11]
V  [jvm.dll+0x1a660d]
V  [jvm.dll+0x22c9c8]
V  [jvm.dll+0x22a990]
V  [jvm.dll+0x7f9d3c]
V  [jvm.dll+0x7f415a]
V  [jvm.dll+0x684115]
C  [ucrtbase.dll+0x29333]
C  [KERNEL32.DLL+0x1257d]
C  [ntdll.dll+0x5aa48]


---------------  P R O C E S S  ---------------

Threads class SMR info:
_java_thread_list=0x0000025ef9443e30, length=25, elements={
0x0000025edd2345b0, 0x0000025ef9187890, 0x0000025ef9188620, 0x0000025ef91db130,
0x0000025ef91dcb10, 0x0000025ef91dfa00, 0x0000025ef92008f0, 0x0000025ef92019b0,
0x0000025ef9202370, 0x0000025ef92054b0, 0x0000025ef92abd50, 0x0000025ef943f860,
0x0000025ef943fd40, 0x0000025ef9ae6970, 0x0000025ef9ae87d0, 0x0000025ef9ae7db0,
0x0000025ef9ae7390, 0x0000025ef9ae5020, 0x0000025ef9ae78a0, 0x0000025ef9ae6e80,
0x0000025ef9ae82c0, 0x0000025ef9ae5530, 0x0000025ef9ae5a40, 0x0000025efe90cfb0,
0x0000025efe90d4c0
}

Java Threads: ( => current thread )
  0x0000025edd2345b0 JavaThread "Forwarding maximizeCurrentWindow on session ccbe287a6a54ec81db770bb0314b80b3 to remote" [_thread_blocked, id=6944, stack(0x0000007df8300000,0x0000007df8400000)]
  0x0000025ef9187890 JavaThread "Reference Handler" daemon [_thread_blocked, id=24492, stack(0x0000007df8a00000,0x0000007df8b00000)]
  0x0000025ef9188620 JavaThread "Finalizer" daemon [_thread_blocked, id=29096, stack(0x0000007df8b00000,0x0000007df8c00000)]
  0x0000025ef91db130 JavaThread "Signal Dispatcher" daemon [_thread_blocked, id=31208, stack(0x0000007df8c00000,0x0000007df8d00000)]
  0x0000025ef91dcb10 JavaThread "Attach Listener" daemon [_thread_blocked, id=31556, stack(0x0000007df8d00000,0x0000007df8e00000)]
  0x0000025ef91dfa00 JavaThread "Service Thread" daemon [_thread_blocked, id=31512, stack(0x0000007df8e00000,0x0000007df8f00000)]
  0x0000025ef92008f0 JavaThread "Monitor Deflation Thread" daemon [_thread_blocked, id=15188, stack(0x0000007df8f00000,0x0000007df9000000)]
=>0x0000025ef92019b0 JavaThread "C2 CompilerThread0" daemon [_thread_in_native, id=27136, stack(0x0000007df9000000,0x0000007df9100000)]
  0x0000025ef9202370 JavaThread "C1 CompilerThread0" daemon [_thread_blocked, id=12780, stack(0x0000007df9100000,0x0000007df9200000)]
  0x0000025ef92054b0 JavaThread "Sweeper thread" daemon [_thread_blocked, id=12992, stack(0x0000007df9200000,0x0000007df9300000)]
  0x0000025ef92abd50 JavaThread "Common-Cleaner" daemon [_thread_blocked, id=19840, stack(0x0000007df9300000,0x0000007df9400000)]
  0x0000025ef943f860 JavaThread "Monitor Ctrl-Break" daemon [_thread_in_native, id=32056, stack(0x0000007df9400000,0x0000007df9500000)]
  0x0000025ef943fd40 JavaThread "Notification Thread" daemon [_thread_blocked, id=1704, stack(0x0000007df9500000,0x0000007df9600000)]
  0x0000025ef9ae6970 JavaThread "ForkJoinPool.commonPool-worker-1" daemon [_thread_blocked, id=9460, stack(0x0000007df9f00000,0x0000007dfa000000)]
  0x0000025ef9ae87d0 JavaThread "AsyncHttpClient-1-1" daemon [_thread_blocked, id=30928, stack(0x0000007dfa000000,0x0000007dfa100000)]
  0x0000025ef9ae7db0 JavaThread "Exec Default Executor" daemon [_thread_in_native, id=30224, stack(0x0000007dfa400000,0x0000007dfa500000)]
  0x0000025ef9ae7390 JavaThread "Exec Stream Pumper" daemon [_thread_in_native, id=25416, stack(0x0000007dfa500000,0x0000007dfa600000)]
  0x0000025ef9ae5020 JavaThread "Exec Stream Pumper" daemon [_thread_in_native, id=22640, stack(0x0000007dfa600000,0x0000007dfa700000)]
  0x0000025ef9ae78a0 JavaThread "Driver Service Executor" daemon [_thread_blocked, id=26572, stack(0x0000007dfa700000,0x0000007dfa800000)]
  0x0000025ef9ae6e80 JavaThread "Driver Service Executor" daemon [_thread_blocked, id=27144, stack(0x0000007dfa800000,0x0000007dfa900000)]
  0x0000025ef9ae82c0 JavaThread "UrlChecker-2" daemon [_thread_blocked, id=29052, stack(0x0000007dfa900000,0x0000007dfaa00000)]
  0x0000025ef9ae5530 JavaThread "Keep-Alive-Timer" daemon [_thread_blocked, id=21352, stack(0x0000007dfab00000,0x0000007dfac00000)]
  0x0000025ef9ae5a40 JavaThread "AsyncHttpClient-1-2" daemon [_thread_in_native, id=22188, stack(0x0000007dfac00000,0x0000007dfad00000)]
  0x0000025efe90cfb0 JavaThread "AsyncHttpClient-1-3" daemon [_thread_in_native, id=30872, stack(0x0000007dfad00000,0x0000007dfae00000)]
  0x0000025efe90d4c0 JavaThread "AsyncHttpClient-1-4" daemon [_thread_in_native, id=24000, stack(0x0000007dfae00000,0x0000007dfaf00000)]

Other Threads:
  0x0000025ef877e3d0 VMThread "VM Thread" [stack: 0x0000007df8900000,0x0000007df8a00000] [id=24416]
  0x0000025edd2a7060 WatcherThread [stack: 0x0000007df9600000,0x0000007df9700000] [id=26616]
  0x0000025edd28af30 GCTaskThread "GC Thread#0" [stack: 0x0000007df8400000,0x0000007df8500000] [id=23756]
  0x0000025efe276390 GCTaskThread "GC Thread#1" [stack: 0x0000007df9700000,0x0000007df9800000] [id=30756]
  0x0000025efe2daf10 GCTaskThread "GC Thread#2" [stack: 0x0000007df9800000,0x0000007df9900000] [id=9476]
  0x0000025efe228c50 GCTaskThread "GC Thread#3" [stack: 0x0000007df9900000,0x0000007df9a00000] [id=9408]
  0x0000025efe335ab0 GCTaskThread "GC Thread#4" [stack: 0x0000007df9a00000,0x0000007df9b00000] [id=16396]
  0x0000025efe2fdf30 GCTaskThread "GC Thread#5" [stack: 0x0000007df9b00000,0x0000007df9c00000] [id=16588]
  0x0000025efe2fe1f0 GCTaskThread "GC Thread#6" [stack: 0x0000007df9c00000,0x0000007df9d00000] [id=21552]
  0x0000025efe301ff0 GCTaskThread "GC Thread#7" [stack: 0x0000007df9d00000,0x0000007df9e00000] [id=31896]
  0x0000025efe302940 GCTaskThread "GC Thread#8" [stack: 0x0000007df9e00000,0x0000007df9f00000] [id=14736]
  0x0000025efe5e7d40 GCTaskThread "GC Thread#9" [stack: 0x0000007dfa100000,0x0000007dfa200000] [id=29304]
  0x0000025edd29a4d0 ConcurrentGCThread "G1 Main Marker" [stack: 0x0000007df8500000,0x0000007df8600000] [id=10700]
  0x0000025edd29adf0 ConcurrentGCThread "G1 Conc#0" [stack: 0x0000007df8600000,0x0000007df8700000] [id=5296]
  0x0000025efeb43bd0 ConcurrentGCThread "G1 Conc#1" [stack: 0x0000007dfa200000,0x0000007dfa300000] [id=25816]
  0x0000025efe5c32b0 ConcurrentGCThread "G1 Conc#2" [stack: 0x0000007dfa300000,0x0000007dfa400000] [id=17000]
  0x0000025ef8636390 ConcurrentGCThread "G1 Refine#0" [stack: 0x0000007df8700000,0x0000007df8800000] [id=23580]
  0x0000025edd2c6cd0 ConcurrentGCThread "G1 Service" [stack: 0x0000007df8800000,0x0000007df8900000] [id=15236]

Threads with active compile tasks:
C2 CompilerThread0     6490 2046       4       jdk.internal.org.objectweb.asm.Frame::execute (2305 bytes)

VM state: not at safepoint (normal execution)

VM Mutex/Monitor currently owned by a thread: None

Heap address: 0x000000008c600000, size: 1850 MB, Compressed Oops mode: 32-bit

CDS archive(s) not mapped
Compressed class space mapped at: 0x0000000100000000-0x0000000140000000, reserved size: 1073741824
Narrow klass base: 0x0000000000000000, Narrow klass shift: 3, Narrow klass range: 0x140000000

GC Precious Log:
 CPUs: 12 total, 12 available
 Memory: 7399M
 Large Page Support: Disabled
 NUMA Support: Disabled
 Compressed Oops: Enabled (32-bit)
 Heap Region Size: 1M
 Heap Min Capacity: 8M
 Heap Initial Capacity: 116M
 Heap Max Capacity: 1850M
 Pre-touch: Disabled
 Parallel Workers: 10
 Concurrent Workers: 3
 Concurrent Refinement Workers: 10
 Periodic GC: Disabled

Heap:
 garbage-first heap   total 40960K, used 31691K [0x000000008c600000, 0x0000000100000000)
  region size 1024K, 18 young (18432K), 4 survivors (4096K)
 Metaspace       used 31003K, committed 31232K, reserved 1114112K
  class space    used 3613K, committed 3712K, reserved 1048576K

Heap Regions: E=young(eden), S=young(survivor), O=old, HS=humongous(starts), HC=humongous(continues), CS=collection set, F=free, OA=open archive, CA=closed archive, TAMS=top-at-mark-start (previous, next)
|   0|0x000000008c600000, 0x000000008c700000, 0x000000008c700000|100%|HS|  |TAMS 0x000000008c700000, 0x000000008c600000| Complete 
|   1|0x000000008c700000, 0x000000008c800000, 0x000000008c800000|100%| O|  |TAMS 0x000000008c700000, 0x000000008c700000| Untracked 
|   2|0x000000008c800000, 0x000000008c900000, 0x000000008c900000|100%|HS|  |TAMS 0x000000008c900000, 0x000000008c800000| Complete 
|   3|0x000000008c900000, 0x000000008ca00000, 0x000000008ca00000|100%| O|  |TAMS 0x000000008ca00000, 0x000000008c900000| Untracked 
|   4|0x000000008ca00000, 0x000000008cb00000, 0x000000008cb00000|100%| O|  |TAMS 0x000000008cb00000, 0x000000008ca00000| Untracked 
|   5|0x000000008cb00000, 0x000000008cc00000, 0x000000008cc00000|100%| O|  |TAMS 0x000000008cc00000, 0x000000008cb00000| Untracked 
|   6|0x000000008cc00000, 0x000000008cd00000, 0x000000008cd00000|100%| O|  |TAMS 0x000000008cd00000, 0x000000008cc00000| Untracked 
|   7|0x000000008cd00000, 0x000000008ce00000, 0x000000008ce00000|100%| O|  |TAMS 0x000000008cd32000, 0x000000008cd00000| Untracked 
|   8|0x000000008ce00000, 0x000000008cf00000, 0x000000008cf00000|100%| O|  |TAMS 0x000000008ce00000, 0x000000008ce00000| Untracked 
|   9|0x000000008cf00000, 0x000000008d000000, 0x000000008d000000|100%|HS|  |TAMS 0x000000008cf00000, 0x000000008cf00000| Complete 
|  10|0x000000008d000000, 0x000000008d100000, 0x000000008d100000|100%|HC|  |TAMS 0x000000008d000000, 0x000000008d000000| Complete 
|  11|0x000000008d100000, 0x000000008d200000, 0x000000008d200000|100%|HC|  |TAMS 0x000000008d100000, 0x000000008d100000| Complete 
|  12|0x000000008d200000, 0x000000008d300000, 0x000000008d300000|100%|HC|  |TAMS 0x000000008d200000, 0x000000008d200000| Complete 
|  13|0x000000008d300000, 0x000000008d400000, 0x000000008d400000|100%|HC|  |TAMS 0x000000008d300000, 0x000000008d300000| Complete 
|  14|0x000000008d400000, 0x000000008d400000, 0x000000008d500000|  0%| F|  |TAMS 0x000000008d400000, 0x000000008d400000| Untracked 
|  15|0x000000008d500000, 0x000000008d5f2fd0, 0x000000008d600000| 94%| S|CS|TAMS 0x000000008d500000, 0x000000008d500000| Complete 
|  16|0x000000008d600000, 0x000000008d700000, 0x000000008d700000|100%| S|CS|TAMS 0x000000008d600000, 0x000000008d600000| Complete 
|  17|0x000000008d700000, 0x000000008d800000, 0x000000008d800000|100%| S|CS|TAMS 0x000000008d700000, 0x000000008d700000| Complete 
|  18|0x000000008d800000, 0x000000008d900000, 0x000000008d900000|100%| S|CS|TAMS 0x000000008d800000, 0x000000008d800000| Complete 
|  19|0x000000008d900000, 0x000000008d900000, 0x000000008da00000|  0%| F|  |TAMS 0x000000008d900000, 0x000000008d900000| Untracked 
|  20|0x000000008da00000, 0x000000008da00000, 0x000000008db00000|  0%| F|  |TAMS 0x000000008da00000, 0x000000008da00000| Untracked 
|  21|0x000000008db00000, 0x000000008db00000, 0x000000008dc00000|  0%| F|  |TAMS 0x000000008db00000, 0x000000008db00000| Untracked 
|  22|0x000000008dc00000, 0x000000008dc00000, 0x000000008dd00000|  0%| F|  |TAMS 0x000000008dc00000, 0x000000008dc00000| Untracked 
|  23|0x000000008dd00000, 0x000000008dd00000, 0x000000008de00000|  0%| F|  |TAMS 0x000000008dd00000, 0x000000008dd00000| Untracked 
|  24|0x000000008de00000, 0x000000008de00000, 0x000000008df00000|  0%| F|  |TAMS 0x000000008de00000, 0x000000008de00000| Untracked 
|  25|0x000000008df00000, 0x000000008df00000, 0x000000008e000000|  0%| F|  |TAMS 0x000000008df00000, 0x000000008df00000| Untracked 
|  26|0x000000008e000000, 0x000000008e08cdf8, 0x000000008e100000| 55%| E|  |TAMS 0x000000008e000000, 0x000000008e000000| Complete 
|  27|0x000000008e100000, 0x000000008e200000, 0x000000008e200000|100%| E|CS|TAMS 0x000000008e100000, 0x000000008e100000| Complete 
|  28|0x000000008e200000, 0x000000008e300000, 0x000000008e300000|100%| E|CS|TAMS 0x000000008e200000, 0x000000008e200000| Complete 
|  29|0x000000008e300000, 0x000000008e400000, 0x000000008e400000|100%| E|CS|TAMS 0x000000008e300000, 0x000000008e300000| Complete 
|  30|0x000000008e400000, 0x000000008e500000, 0x000000008e500000|100%| E|CS|TAMS 0x000000008e400000, 0x000000008e400000| Complete 
|  31|0x000000008e500000, 0x000000008e600000, 0x000000008e600000|100%| E|CS|TAMS 0x000000008e500000, 0x000000008e500000| Complete 
|  32|0x000000008e600000, 0x000000008e700000, 0x000000008e700000|100%| E|CS|TAMS 0x000000008e600000, 0x000000008e600000| Complete 
|  33|0x000000008e700000, 0x000000008e800000, 0x000000008e800000|100%| E|CS|TAMS 0x000000008e700000, 0x000000008e700000| Complete 
|  34|0x000000008e800000, 0x000000008e900000, 0x000000008e900000|100%| E|CS|TAMS 0x000000008e800000, 0x000000008e800000| Complete 
|  35|0x000000008e900000, 0x000000008ea00000, 0x000000008ea00000|100%| E|CS|TAMS 0x000000008e900000, 0x000000008e900000| Complete 
|  36|0x000000008ea00000, 0x000000008eb00000, 0x000000008eb00000|100%| E|CS|TAMS 0x000000008ea00000, 0x000000008ea00000| Complete 
|  96|0x0000000092600000, 0x0000000092700000, 0x0000000092700000|100%| E|CS|TAMS 0x0000000092600000, 0x0000000092600000| Complete 
|  97|0x0000000092700000, 0x0000000092800000, 0x0000000092800000|100%| E|CS|TAMS 0x0000000092700000, 0x0000000092700000| Complete 
| 115|0x0000000093900000, 0x0000000093a00000, 0x0000000093a00000|100%| E|CS|TAMS 0x0000000093900000, 0x0000000093900000| Complete 

Card table byte_map: [0x0000025ef2200000,0x0000025ef25a0000] _byte_map_base: 0x0000025ef1d9d000

Marking Bits (Prev, Next): (CMBitMap*) 0x0000025edd28b4a0, (CMBitMap*) 0x0000025edd28b460
 Prev Bits: [0x0000025ef4630000, 0x0000025ef6318000)
 Next Bits: [0x0000025ef2940000, 0x0000025ef4628000)

Polling page: 0x0000025edcd90000

Metaspace:

Usage:
  Non-class:     26.75 MB used.
      Class:      3.53 MB used.
       Both:     30.28 MB used.

Virtual space:
  Non-class space:       64.00 MB reserved,      26.88 MB ( 42%) committed,  1 nodes.
      Class space:        1.00 GB reserved,       3.62 MB ( <1%) committed,  1 nodes.
             Both:        1.06 GB reserved,      30.50 MB (  3%) committed. 

Chunk freelists:
   Non-Class:  4.20 MB
       Class:  12.33 MB
        Both:  16.53 MB

MaxMetaspaceSize: unlimited
CompressedClassSpaceSize: 1.00 GB
Initial GC threshold: 21.00 MB
Current GC threshold: 35.12 MB
CDS: off
MetaspaceReclaimPolicy: balanced
 - commit_granule_bytes: 65536.
 - commit_granule_words: 8192.
 - virtual_space_node_default_size: 8388608.
 - enlarge_chunks_in_place: 1.
 - new_chunks_are_fully_committed: 0.
 - uncommit_free_chunks: 1.
 - use_allocation_guard: 0.
 - handle_deallocations: 1.


Internal statistics:

num_allocs_failed_limit: 3.
num_arena_births: 208.
num_arena_deaths: 0.
num_vsnodes_births: 2.
num_vsnodes_deaths: 0.
num_space_committed: 488.
num_space_uncommitted: 0.
num_chunks_returned_to_freelist: 3.
num_chunks_taken_from_freelist: 790.
num_chunk_merges: 0.
num_chunk_splits: 521.
num_chunks_enlarged: 402.
num_inconsistent_stats: 0.

CodeHeap 'non-profiled nmethods': size=120000Kb used=885Kb max_used=885Kb free=119114Kb
 bounds [0x0000025ee9ca0000, 0x0000025ee9f10000, 0x0000025ef11d0000]
CodeHeap 'profiled nmethods': size=120000Kb used=3767Kb max_used=3767Kb free=116232Kb
 bounds [0x0000025ee21d0000, 0x0000025ee2580000, 0x0000025ee9700000]
CodeHeap 'non-nmethods': size=5760Kb used=1269Kb max_used=1283Kb free=4490Kb
 bounds [0x0000025ee9700000, 0x0000025ee9970000, 0x0000025ee9ca0000]
 total_blobs=2642 nmethods=2055 adapters=499
 compilation: enabled
              stopped_count=0, restarted_count=0
 full_count=0

Compilation events (20 events):
Event: 6.331 Thread 0x0000025ef9202370 2053       3       java.util.TreeMap::leftOf (13 bytes)
Event: 6.331 Thread 0x0000025ef9202370 nmethod 2053 0x0000025ee2576110 code [0x0000025ee25762a0, 0x0000025ee2576418]
Event: 6.331 Thread 0x0000025ef9202370 2054       3       java.lang.invoke.MethodType::dropParameterTypes (162 bytes)
Event: 6.332 Thread 0x0000025ef9202370 nmethod 2054 0x0000025ee2576510 code [0x0000025ee2576800, 0x0000025ee2577728]
Event: 6.332 Thread 0x0000025ef9202370 2055       3       java.util.stream.ReduceOps$3ReducingSink::accept (15 bytes)
Event: 6.332 Thread 0x0000025ef9202370 nmethod 2055 0x0000025ee2577c10 code [0x0000025ee2577dc0, 0x0000025ee2577fa8]
Event: 6.332 Thread 0x0000025ef9202370 2057       3       java.util.TreeMap::fixAfterInsertion (267 bytes)
Event: 6.335 Thread 0x0000025ef9202370 nmethod 2057 0x0000025ee2578090 code [0x0000025ee2578540, 0x0000025ee257ac18]
Event: 6.335 Thread 0x0000025ef9202370 2056       3       java.util.TreeMap::addEntry (59 bytes)
Event: 6.335 Thread 0x0000025ef9202370 nmethod 2056 0x0000025ee257b890 code [0x0000025ee257ba60, 0x0000025ee257bf28]
Event: 6.335 Thread 0x0000025ef9202370 2058       3       org.openqa.selenium.SharedCapabilitiesMethods$$Lambda$453/0x00000001003a87f0::compare (12 bytes)
Event: 6.336 Thread 0x0000025ef9202370 nmethod 2058 0x0000025ee257c110 code [0x0000025ee257c2c0, 0x0000025ee257c5c8]
Event: 6.342 Thread 0x0000025ef9202370 2059       3       java.net.URI$Parser::at (23 bytes)
Event: 6.342 Thread 0x0000025ef9202370 nmethod 2059 0x0000025ee257c710 code [0x0000025ee257c900, 0x0000025ee257cf38]
Event: 6.344 Thread 0x0000025ef9202370 2062       3       io.netty.buffer.UnsafeByteBufUtil::setByte (7 bytes)
Event: 6.345 Thread 0x0000025ef9202370 nmethod 2062 0x0000025ee257d210 code [0x0000025ee257d3c0, 0x0000025ee257d658]
Event: 6.345 Thread 0x0000025ef9202370 2061       3       sun.misc.Unsafe::getInt (9 bytes)
Event: 6.345 Thread 0x0000025ef9202370 nmethod 2061 0x0000025ee257d790 code [0x0000025ee257d920, 0x0000025ee257da38]
Event: 6.345 Thread 0x0000025ef9202370 2063       3       io.netty.buffer.AbstractReferenceCountedByteBuf$1::unsafeOffset (4 bytes)
Event: 6.345 Thread 0x0000025ef9202370 nmethod 2063 0x0000025ee257db10 code [0x0000025ee257dca0, 0x0000025ee257de18]

GC Heap History (6 events):
Event: 1.471 GC heap before
{Heap before GC invocations=0 (full 0):
 garbage-first heap   total 118784K, used 25600K [0x000000008c600000, 0x0000000100000000)
  region size 1024K, 23 young (23552K), 0 survivors (0K)
 Metaspace       used 14671K, committed 14848K, reserved 1114112K
  class space    used 1451K, committed 1536K, reserved 1048576K
}
Event: 1.482 GC heap after
{Heap after GC invocations=1 (full 0):
 garbage-first heap   total 118784K, used 9416K [0x000000008c600000, 0x0000000100000000)
  region size 1024K, 3 young (3072K), 3 survivors (3072K)
 Metaspace       used 14671K, committed 14848K, reserved 1114112K
  class space    used 1451K, committed 1536K, reserved 1048576K
}
Event: 3.324 GC heap before
{Heap before GC invocations=1 (full 0):
 garbage-first heap   total 118784K, used 25800K [0x000000008c600000, 0x0000000100000000)
  region size 1024K, 21 young (21504K), 3 survivors (3072K)
 Metaspace       used 21312K, committed 21504K, reserved 1114112K
  class space    used 2339K, committed 2432K, reserved 1048576K
}
Event: 3.332 GC heap after
{Heap after GC invocations=2 (full 0):
 garbage-first heap   total 118784K, used 10965K [0x000000008c600000, 0x0000000100000000)
  region size 1024K, 2 young (2048K), 2 survivors (2048K)
 Metaspace       used 21312K, committed 21504K, reserved 1114112K
  class space    used 2339K, committed 2432K, reserved 1048576K
}
Event: 4.039 GC heap before
{Heap before GC invocations=3 (full 0):
 garbage-first heap   total 40960K, used 29397K [0x000000008c600000, 0x0000000100000000)
  region size 1024K, 21 young (21504K), 2 survivors (2048K)
 Metaspace       used 27155K, committed 27392K, reserved 1114112K
  class space    used 3078K, committed 3200K, reserved 1048576K
}
Event: 4.046 GC heap after
{Heap after GC invocations=4 (full 0):
 garbage-first heap   total 40960K, used 13259K [0x000000008c600000, 0x0000000100000000)
  region size 1024K, 4 young (4096K), 4 survivors (4096K)
 Metaspace       used 27155K, committed 27392K, reserved 1114112K
  class space    used 3078K, committed 3200K, reserved 1048576K
}

Dll operation events (4 events):
Event: 0.047 Loaded shared library C:\Users\Mysense\.jdks\jbr-17.0.8\bin\java.dll
Event: 0.082 Loaded shared library C:\Users\Mysense\.jdks\jbr-17.0.8\bin\jsvml.dll
Event: 0.266 Loaded shared library C:\Users\Mysense\.jdks\jbr-17.0.8\bin\zip.dll
Event: 3.020 Loaded shared library C:\Users\Mysense\.jdks\jbr-17.0.8\bin\verify.dll

Deoptimization events (20 events):
Event: 3.398 Thread 0x0000025edd2345b0 DEOPT PACKING pc=0x0000025ee9d3b508 sp=0x0000007df83f8c60
Event: 3.398 Thread 0x0000025edd2345b0 DEOPT UNPACKING pc=0x0000025ee97569a3 sp=0x0000007df83f8b88 mode 2
Event: 3.644 Thread 0x0000025edd2345b0 DEOPT PACKING pc=0x0000025ee22a9bf5 sp=0x0000007df83f9b10
Event: 3.644 Thread 0x0000025edd2345b0 DEOPT UNPACKING pc=0x0000025ee9757143 sp=0x0000007df83f8f98 mode 0
Event: 3.723 Thread 0x0000025edd2345b0 DEOPT PACKING pc=0x0000025ee22a9bf5 sp=0x0000007df83fca20
Event: 3.723 Thread 0x0000025edd2345b0 DEOPT UNPACKING pc=0x0000025ee9757143 sp=0x0000007df83fbea8 mode 0
Event: 3.725 Thread 0x0000025edd2345b0 Uncommon trap: trap_request=0xffffff45 fr.pc=0x0000025ee9d1b85c relative=0x00000000000005bc
Event: 3.725 Thread 0x0000025edd2345b0 Uncommon trap: reason=unstable_if action=reinterpret pc=0x0000025ee9d1b85c method=java.lang.String.replace(CC)Ljava/lang/String; @ 2 c2
Event: 3.725 Thread 0x0000025edd2345b0 DEOPT PACKING pc=0x0000025ee9d1b85c sp=0x0000007df83fd4b0
Event: 3.725 Thread 0x0000025edd2345b0 DEOPT UNPACKING pc=0x0000025ee97569a3 sp=0x0000007df83fd460 mode 2
Event: 3.951 Thread 0x0000025edd2345b0 Uncommon trap: trap_request=0xffffff45 fr.pc=0x0000025ee9d41f30 relative=0x0000000000001550
Event: 3.951 Thread 0x0000025edd2345b0 Uncommon trap: reason=unstable_if action=reinterpret pc=0x0000025ee9d41f30 method=java.util.concurrent.ConcurrentHashMap.transfer([Ljava/util/concurrent/ConcurrentHashMap$Node;[Ljava/util/concurrent/ConcurrentHashMap$Node;)V @ 26 c2
Event: 3.951 Thread 0x0000025edd2345b0 DEOPT PACKING pc=0x0000025ee9d41f30 sp=0x0000007df83fb200
Event: 3.951 Thread 0x0000025edd2345b0 DEOPT UNPACKING pc=0x0000025ee97569a3 sp=0x0000007df83fb170 mode 2
Event: 4.068 Thread 0x0000025edd2345b0 DEOPT PACKING pc=0x0000025ee2517c0a sp=0x0000007df83f6570
Event: 4.068 Thread 0x0000025edd2345b0 DEOPT UNPACKING pc=0x0000025ee9757143 sp=0x0000007df83f5a80 mode 0
Event: 4.191 Thread 0x0000025ef9ae5a40 Uncommon trap: trap_request=0xffffff45 fr.pc=0x0000025ee9d09748 relative=0x0000000000000048
Event: 4.191 Thread 0x0000025ef9ae5a40 Uncommon trap: reason=unstable_if action=reinterpret pc=0x0000025ee9d09748 method=java.lang.CharacterData.of(I)Ljava/lang/CharacterData; @ 4 c2
Event: 4.191 Thread 0x0000025ef9ae5a40 DEOPT PACKING pc=0x0000025ee9d09748 sp=0x0000007dfacfdbf0
Event: 4.191 Thread 0x0000025ef9ae5a40 DEOPT UNPACKING pc=0x0000025ee97569a3 sp=0x0000007dfacfdb88 mode 2

Classes unloaded (0 events):
No events

Classes redefined (0 events):
No events

Internal exceptions (20 events):
Event: 3.014 Thread 0x0000025edd2345b0 Exception <a 'java/lang/NoClassDefFoundError'{0x0000000092fbcc78}: org/apache/logging/log4j/spi/ExtendedLoggerWrapper> (0x0000000092fbcc78) 
thrown [s\src\hotspot\share\classfile\systemDictionary.cpp, line 245]
Event: 3.033 Thread 0x0000025edd2345b0 Implicit null exception at 0x0000025ee9cc5372 to 0x0000025ee9cc594c
Event: 3.258 Thread 0x0000025edd2345b0 Exception <a 'sun/nio/fs/WindowsException'{0x00000000929d9c20}> (0x00000000929d9c20) 
thrown [s\src\hotspot\share\prims\jni.cpp, line 517]
Event: 3.276 Thread 0x0000025edd2345b0 Exception <a 'java/lang/NoSuchMethodError'{0x00000000929f8970}: 'int java.lang.invoke.DirectMethodHandle$Holder.invokeStaticInit(java.lang.Object, java.lang.Object, java.lang.Object, java.lang.Object)'> (0x00000000929f8970) 
thrown [s\src\hotspot\share\interpreter\linkResolver.cpp, line 771]
Event: 3.708 Thread 0x0000025edd2345b0 Exception <a 'java/lang/NoSuchMethodError'{0x000000008e0b73b8}: 'java.lang.Object java.lang.invoke.DirectMethodHandle$Holder.invokeInterface(java.lang.Object, java.lang.Object, java.lang.Object)'> (0x000000008e0b73b8) 
thrown [s\src\hotspot\share\interpreter\linkResolver.cpp, line 771]
Event: 3.708 Thread 0x0000025edd2345b0 Exception <a 'java/lang/IncompatibleClassChangeError'{0x000000008e0bad28}: Found class java.lang.Object, but interface was expected> (0x000000008e0bad28) 
thrown [s\src\hotspot\share\interpreter\linkResolver.cpp, line 838]
Event: 3.710 Thread 0x0000025edd2345b0 Exception <a 'java/lang/NoSuchMethodError'{0x000000008e0c3538}: 'int java.lang.invoke.DirectMethodHandle$Holder.invokeSpecialIFC(java.lang.Object, java.lang.Object, java.lang.Object, java.lang.Object)'> (0x000000008e0c3538) 
thrown [s\src\hotspot\share\interpreter\linkResolver.cpp, line 771]
Event: 3.794 Thread 0x0000025ef9ae82c0 Exception <a 'java/net/ConnectException'{0x000000008de58be8}: Connection refused: no further information> (0x000000008de58be8) 
thrown [s\src\hotspot\share\prims\jni.cpp, line 536]
Event: 3.794 Thread 0x0000025ef9ae82c0 Exception <a 'java/net/SocketException'{0x000000008de58f20}: Socket is not connected: shutdown> (0x000000008de58f20) 
thrown [s\src\hotspot\share\prims\jni.cpp, line 536]
Event: 3.820 Thread 0x0000025ef9ae82c0 Exception <a 'java/net/ConnectException'{0x000000008de59f08}: Connection refused: no further information> (0x000000008de59f08) 
thrown [s\src\hotspot\share\prims\jni.cpp, line 536]
Event: 3.820 Thread 0x0000025ef9ae82c0 Exception <a 'java/net/SocketException'{0x000000008de5a240}: Socket is not connected: shutdown> (0x000000008de5a240) 
thrown [s\src\hotspot\share\prims\jni.cpp, line 536]
Event: 3.842 Thread 0x0000025ef9ae82c0 Exception <a 'java/net/ConnectException'{0x000000008de5b158}: Connection refused: no further information> (0x000000008de5b158) 
thrown [s\src\hotspot\share\prims\jni.cpp, line 536]
Event: 3.842 Thread 0x0000025ef9ae82c0 Exception <a 'java/net/SocketException'{0x000000008de5b490}: Socket is not connected: shutdown> (0x000000008de5b490) 
thrown [s\src\hotspot\share\prims\jni.cpp, line 536]
Event: 3.935 Thread 0x0000025edd2345b0 Exception <a 'java/lang/NoSuchMethodError'{0x000000008ddc9a90}: 'java.lang.Object java.lang.invoke.DirectMethodHandle$Holder.newInvokeSpecial(java.lang.Object, java.lang.Object, int, int)'> (0x000000008ddc9a90) 
thrown [s\src\hotspot\share\interpreter\linkResolver.cpp, line 771]
Event: 3.936 Thread 0x0000025edd2345b0 Exception <a 'java/lang/NoSuchMethodError'{0x000000008ddd4b78}: 'void java.lang.invoke.DirectMethodHandle$Holder.invokeStatic(java.lang.Object, java.lang.Object, int)'> (0x000000008ddd4b78) 
thrown [s\src\hotspot\share\interpreter\linkResolver.cpp, line 771]
Event: 3.980 Thread 0x0000025edd2345b0 Exception <a 'java/lang/NoSuchMethodError'{0x000000008dbbd798}: 'int java.lang.invoke.DirectMethodHandle$Holder.invokeSpecialIFC(java.lang.Object, java.lang.Object, java.lang.Object)'> (0x000000008dbbd798) 
thrown [s\src\hotspot\share\interpreter\linkResolver.cpp, line 771]
Event: 4.057 Thread 0x0000025edd2345b0 Exception <a 'java/lang/NoSuchMethodError'{0x0000000093984e08}: 'void java.lang.invoke.DirectMethodHandle$Holder.invokeSpecial(java.lang.Object, java.lang.Object, java.lang.Object, java.lang.Object, java.lang.Object, java.lang.Object)'> (0x0000000093984e08) 
thrown [s\src\hotspot\share\interpreter\linkResolver.cpp, line 771]
Event: 6.174 Thread 0x0000025edd2345b0 Exception <a 'java/lang/NoSuchMethodError'{0x000000008e56bf80}: 'java.lang.Object java.lang.invoke.DirectMethodHandle$Holder.invokeSpecialIFC(java.lang.Object, java.lang.Object, java.lang.Object)'> (0x000000008e56bf80) 
thrown [s\src\hotspot\share\interpreter\linkResolver.cpp, line 771]
Event: 6.211 Thread 0x0000025edd2345b0 Exception <a 'java/lang/NoSuchMethodError'{0x000000008e4a4f00}: 'void java.lang.invoke.DirectMethodHandle$Holder.invokeSpecial(java.lang.Object, java.lang.Object, java.lang.Object, java.lang.Object, java.lang.Object)'> (0x000000008e4a4f00) 
thrown [s\src\hotspot\share\interpreter\linkResolver.cpp, line 771]
Event: 6.321 Thread 0x0000025edd2345b0 Exception <a 'java/lang/ClassNotFoundException'{0x000000008e1dc4d8}: sun/util/logging/resources/spi/loggingProvider> (0x000000008e1dc4d8) 
thrown [s\src\hotspot\share\classfile\systemDictionary.cpp, line 256]

VM Operations (20 events):
Event: 3.336 Executing VM operation: G1PauseRemark
Event: 3.338 Executing VM operation: G1PauseRemark done
Event: 3.338 Executing VM operation: G1PauseCleanup
Event: 3.341 Executing VM operation: G1PauseCleanup done
Event: 3.488 Executing VM operation: HandshakeAllThreads
Event: 3.488 Executing VM operation: HandshakeAllThreads done
Event: 3.903 Executing VM operation: HandshakeAllThreads
Event: 3.903 Executing VM operation: HandshakeAllThreads done
Event: 3.903 Executing VM operation: HandshakeAllThreads
Event: 3.903 Executing VM operation: HandshakeAllThreads done
Event: 3.905 Executing VM operation: HandshakeAllThreads
Event: 3.905 Executing VM operation: HandshakeAllThreads done
Event: 4.039 Executing VM operation: G1CollectForAllocation
Event: 4.046 Executing VM operation: G1CollectForAllocation done
Event: 4.192 Executing VM operation: HandshakeAllThreads
Event: 4.192 Executing VM operation: HandshakeAllThreads done
Event: 5.193 Executing VM operation: Cleanup
Event: 5.193 Executing VM operation: Cleanup done
Event: 6.200 Executing VM operation: Cleanup
Event: 6.200 Executing VM operation: Cleanup done

Events (20 events):
Event: 6.321 loading class sun/util/logging/resources/logging_en
Event: 6.321 loading class sun/util/logging/resources/logging_en done
Event: 6.321 loading class sun/util/logging/resources/logging_en_US
Event: 6.321 loading class sun/util/logging/resources/logging_en_US done
Event: 6.321 loading class sun/util/logging/resources/logging_en_US
Event: 6.321 loading class sun/util/logging/resources/logging_en_US done
Event: 6.321 loading class java/util/Formatter$DateTime
Event: 6.321 loading class java/util/Formatter$DateTime done
Event: 6.321 loading class java/util/Calendar
Event: 6.322 loading class java/util/Calendar done
Event: 6.322 loading class java/time/ZonedDateTime$1
Event: 6.322 loading class java/time/ZonedDateTime$1 done
Event: 6.322 loading class java/time/LocalDate$1
Event: 6.322 loading class java/time/LocalDate$1 done
Event: 6.322 loading class java/text/DateFormatSymbols
Event: 6.322 loading class java/text/DateFormatSymbols done
Event: 6.323 loading class sun/util/locale/provider/DateFormatSymbolsProviderImpl
Event: 6.323 loading class sun/util/locale/provider/DateFormatSymbolsProviderImpl done
Event: 6.323 loading class java/time/LocalTime$1
Event: 6.323 loading class java/time/LocalTime$1 done


Dynamic libraries:
0x00007ff6e5310000 - 0x00007ff6e531a000 	C:\Users\Mysense\.jdks\jbr-17.0.8\bin\java.exe
0x00007ffee7270000 - 0x00007ffee7486000 	C:\WINDOWS\SYSTEM32\ntdll.dll
0x00007ffee64f0000 - 0x00007ffee65b4000 	C:\WINDOWS\System32\KERNEL32.DLL
0x00007ffee4780000 - 0x00007ffee4b27000 	C:\WINDOWS\System32\KERNELBASE.dll
0x00007ffee41e0000 - 0x00007ffee4300000 	C:\Windows\system32\hmpalert.dll
0x00007ffee45c0000 - 0x00007ffee46d1000 	C:\WINDOWS\System32\ucrtbase.dll
0x00007ffeddfc0000 - 0x00007ffeddfd7000 	C:\Users\Mysense\.jdks\jbr-17.0.8\bin\jli.dll
0x00007ffee53a0000 - 0x00007ffee554e000 	C:\WINDOWS\System32\USER32.dll
0x00007ffee4590000 - 0x00007ffee45b6000 	C:\WINDOWS\System32\win32u.dll
0x00007ffee7200000 - 0x00007ffee7229000 	C:\WINDOWS\System32\GDI32.dll
0x00007ffedeea0000 - 0x00007ffedeebb000 	C:\Users\Mysense\.jdks\jbr-17.0.8\bin\VCRUNTIME140.dll
0x00007ffee4e80000 - 0x00007ffee4f99000 	C:\WINDOWS\System32\gdi32full.dll
0x00007ffee46e0000 - 0x00007ffee477a000 	C:\WINDOWS\System32\msvcp_win.dll
0x00007ffecc120000 - 0x00007ffecc3b3000 	C:\WINDOWS\WinSxS\amd64_microsoft.windows.common-controls_6595b64144ccf1df_6.0.22621.3235_none_270f74e173860f98\COMCTL32.dll
0x00007ffee5f60000 - 0x00007ffee6007000 	C:\WINDOWS\System32\msvcrt.dll
0x00007ffee61e0000 - 0x00007ffee6211000 	C:\WINDOWS\System32\IMM32.DLL
0x00007ffedb560000 - 0x00007ffedb56c000 	C:\Users\Mysense\.jdks\jbr-17.0.8\bin\vcruntime140_1.dll
0x00007ffebb230000 - 0x00007ffebb2bd000 	C:\Users\Mysense\.jdks\jbr-17.0.8\bin\msvcp140.dll
0x00007ffe6f5e0000 - 0x00007ffe70263000 	C:\Users\Mysense\.jdks\jbr-17.0.8\bin\server\jvm.dll
0x00007ffee6280000 - 0x00007ffee6332000 	C:\WINDOWS\System32\ADVAPI32.dll
0x00007ffee7150000 - 0x00007ffee71f8000 	C:\WINDOWS\System32\sechost.dll
0x00007ffee4b30000 - 0x00007ffee4b58000 	C:\WINDOWS\System32\bcrypt.dll
0x00007ffee5e40000 - 0x00007ffee5f55000 	C:\WINDOWS\System32\RPCRT4.dll
0x00007ffedd620000 - 0x00007ffedd629000 	C:\WINDOWS\SYSTEM32\WSOCK32.dll
0x00007ffee55b0000 - 0x00007ffee5621000 	C:\WINDOWS\System32\WS2_32.dll
0x00007ffee40e0000 - 0x00007ffee412d000 	C:\WINDOWS\SYSTEM32\POWRPROF.dll
0x00007ffede6c0000 - 0x00007ffede6ca000 	C:\WINDOWS\SYSTEM32\VERSION.dll
0x00007ffeddf30000 - 0x00007ffeddf64000 	C:\WINDOWS\SYSTEM32\WINMM.dll
0x00007ffee40c0000 - 0x00007ffee40d3000 	C:\WINDOWS\SYSTEM32\UMPDC.dll
0x00007ffee3480000 - 0x00007ffee3498000 	C:\WINDOWS\SYSTEM32\kernel.appcore.dll
0x00007ffedb550000 - 0x00007ffedb55a000 	C:\Users\Mysense\.jdks\jbr-17.0.8\bin\jimage.dll
0x00007ffee1e90000 - 0x00007ffee20c3000 	C:\WINDOWS\SYSTEM32\DBGHELP.DLL
0x00007ffee5ab0000 - 0x00007ffee5e38000 	C:\WINDOWS\System32\combase.dll
0x00007ffee6800000 - 0x00007ffee68d7000 	C:\WINDOWS\System32\OLEAUT32.dll
0x00007ffedd160000 - 0x00007ffedd192000 	C:\WINDOWS\SYSTEM32\dbgcore.DLL
0x00007ffee4b60000 - 0x00007ffee4bd9000 	C:\WINDOWS\System32\bcryptPrimitives.dll
0x00007ffedb510000 - 0x00007ffedb51e000 	C:\Users\Mysense\.jdks\jbr-17.0.8\bin\instrument.dll
0x00007ffedb520000 - 0x00007ffedb545000 	C:\Users\Mysense\.jdks\jbr-17.0.8\bin\java.dll
0x00007ffedb000000 - 0x00007ffedb018000 	C:\Users\Mysense\.jdks\jbr-17.0.8\bin\zip.dll
0x00007ffebb150000 - 0x00007ffebb227000 	C:\Users\Mysense\.jdks\jbr-17.0.8\bin\jsvml.dll
0x00007ffee68f0000 - 0x00007ffee714c000 	C:\WINDOWS\System32\SHELL32.dll
0x00007ffee23a0000 - 0x00007ffee2c99000 	C:\WINDOWS\SYSTEM32\windows.storage.dll
0x00007ffee2260000 - 0x00007ffee239e000 	C:\WINDOWS\SYSTEM32\wintypes.dll
0x00007ffee52a0000 - 0x00007ffee5393000 	C:\WINDOWS\System32\SHCORE.dll
0x00007ffee6220000 - 0x00007ffee627e000 	C:\WINDOWS\System32\shlwapi.dll
0x00007ffee44c0000 - 0x00007ffee44e1000 	C:\WINDOWS\SYSTEM32\profapi.dll
0x00007ffed8a90000 - 0x00007ffed8aa9000 	C:\Users\Mysense\.jdks\jbr-17.0.8\bin\net.dll
0x00007ffede2e0000 - 0x00007ffede416000 	C:\WINDOWS\SYSTEM32\WINHTTP.dll
0x00007ffee38e0000 - 0x00007ffee3949000 	C:\WINDOWS\system32\mswsock.dll
0x00007ffed80e0000 - 0x00007ffed80f6000 	C:\Users\Mysense\.jdks\jbr-17.0.8\bin\nio.dll
0x00007ffec0ff0000 - 0x00007ffec100a000 	C:\Program Files\JetBrains\IntelliJ IDEA Community Edition 2023.2\bin\breakgen64.dll
0x00007ffee3b80000 - 0x00007ffee3b9b000 	C:\WINDOWS\SYSTEM32\CRYPTSP.dll
0x00007ffee33e0000 - 0x00007ffee3415000 	C:\WINDOWS\system32\rsaenh.dll
0x00007ffee3980000 - 0x00007ffee39a8000 	C:\WINDOWS\SYSTEM32\USERENV.dll
0x00007ffee3af0000 - 0x00007ffee3afc000 	C:\WINDOWS\SYSTEM32\CRYPTBASE.dll
0x00007ffee2f00000 - 0x00007ffee2f2d000 	C:\WINDOWS\SYSTEM32\IPHLPAPI.DLL
0x00007ffee6040000 - 0x00007ffee6049000 	C:\WINDOWS\System32\NSI.dll
0x00007ffede4c0000 - 0x00007ffede4d9000 	C:\WINDOWS\SYSTEM32\dhcpcsvc6.DLL
0x00007ffede2c0000 - 0x00007ffede2df000 	C:\WINDOWS\SYSTEM32\dhcpcsvc.DLL
0x00007ffee2f70000 - 0x00007ffee3069000 	C:\WINDOWS\SYSTEM32\DNSAPI.dll
0x00007ffedc220000 - 0x00007ffedc22a000 	C:\Windows\System32\rasadhlp.dll
0x00007ffeddbf0000 - 0x00007ffeddc73000 	C:\WINDOWS\System32\fwpuclnt.dll
0x00007ffee1320000 - 0x00007ffee13b7000 	C:\WINDOWS\system32\apphelp.dll
0x00007ffedb4c0000 - 0x00007ffedb4d0000 	C:\Users\Mysense\.jdks\jbr-17.0.8\bin\verify.dll
0x00007ffedb040000 - 0x00007ffedb049000 	C:\Users\Mysense\.jdks\jbr-17.0.8\bin\management.dll
0x00007ffedafa0000 - 0x00007ffedafab000 	C:\Users\Mysense\.jdks\jbr-17.0.8\bin\management_ext.dll
0x00007ffee6030000 - 0x00007ffee6038000 	C:\WINDOWS\System32\PSAPI.DLL
0x00007ffed82d0000 - 0x00007ffed82de000 	C:\Users\Mysense\.jdks\jbr-17.0.8\bin\sunmscapi.dll
0x00007ffee4c50000 - 0x00007ffee4db6000 	C:\WINDOWS\System32\CRYPT32.dll
0x00007ffee3db0000 - 0x00007ffee3dde000 	C:\WINDOWS\SYSTEM32\ncrypt.dll
0x00007ffee3d70000 - 0x00007ffee3da7000 	C:\WINDOWS\SYSTEM32\NTASN1.dll
0x00007ffedb2f0000 - 0x00007ffedb2f8000 	C:\WINDOWS\system32\wshunix.dll

dbghelp: loaded successfully - version: 4.0.5 - missing functions: none
symbol engine: initialized successfully - sym options: 0x614 - pdb path: .;C:\Users\Mysense\.jdks\jbr-17.0.8\bin;C:\WINDOWS\SYSTEM32;C:\WINDOWS\WinSxS\amd64_microsoft.windows.common-controls_6595b64144ccf1df_6.0.22621.3235_none_270f74e173860f98;C:\Users\Mysense\.jdks\jbr-17.0.8\bin\server;C:\Program Files\JetBrains\IntelliJ IDEA Community Edition 2023.2\bin

VM Arguments:
jvm_args: -ea -Didea.test.cyclic.buffer.size=1048576 -javaagent:C:\Program Files\JetBrains\IntelliJ IDEA Community Edition 2023.2\lib\idea_rt.jar=62209:C:\Program Files\JetBrains\IntelliJ IDEA Community Edition 2023.2\bin -Dfile.encoding=UTF-8 
java_command: com.intellij.rt.testng.RemoteTestNGStarter -usedefaultlisteners false -socket62208 @w@C:\Users\Mysense\AppData\Local\Temp\idea_working_dirs_testng.tmp -temp C:\Users\Mysense\AppData\Local\Temp\idea_testng.tmp
java_class_path (initial): C:\Program Files\JetBrains\IntelliJ IDEA Community Edition 2023.2\lib\idea_rt.jar;C:\Program Files\JetBrains\IntelliJ IDEA Community Edition 2023.2\plugins\testng\lib\testng-rt.jar;C:\Users\Mysense\Desktop\TheBeerStore\target\test-classes;C:\Users\Mysense\Desktop\TheBeerStore\target\classes;C:\Users\Mysense\.m2\repository\org\seleniumhq\selenium\selenium-java\4.11.0\selenium-java-4.11.0.jar;C:\Users\Mysense\.m2\repository\org\seleniumhq\selenium\selenium-chrome-driver\4.11.0\selenium-chrome-driver-4.11.0.jar;C:\Users\Mysense\.m2\repository\com\google\auto\service\auto-service-annotations\1.0.1\auto-service-annotations-1.0.1.jar;C:\Users\Mysense\.m2\repository\com\google\guava\guava\31.1-jre\guava-31.1-jre.jar;C:\Users\Mysense\.m2\repository\com\google\guava\failureaccess\1.0.1\failureaccess-1.0.1.jar;C:\Users\Mysense\.m2\repository\com\google\guava\listenablefuture\9999.0-empty-to-avoid-conflict-with-guava\listenablefuture-9999.0-empty-to-avoid-conflict-with-guava.jar;C:\Users\Mysense\.m2\repository\org\checkerframework\checker-qual\3.12.0\checker-qual-3.12.0.jar;C:\Users\Mysense\.m2\repository\com\google\errorprone\error_prone_annotations\2.11.0\error_prone_annotations-2.11.0.jar;C:\Users\Mysense\.m2\repository\com\google\j2objc\j2objc-annotations\1.3\j2objc-annotations-1.3.jar;C:\Users\Mysense\.m2\repository\org\seleniumhq\selenium\selenium-chromium-driver\4.11.0\selenium-chromium-driver-4.11.0.jar;C:\Users\Mysense\.m2\repository\org\seleniumhq\selenium\selenium-json\4.11.0\selenium-json-4.11.0.jar;C:\Users\Mysense\.m2\repository\org\seleniumhq\selenium\selenium-manager\4.11.0\selenium-manager-4.11.0.jar;C:\Users\Mysense\.m2\repository\org\seleniumhq\selenium\selenium-devtools-v113\4.11.0\selenium-devtools-v113-4.11.0.jar;C:\Users\Mysense\.m2\repository\org\seleniumhq\selenium\selenium-devtools-v114\4.11.0\selenium-devtools-v114-4.11.0.jar;C:\Users\Mysense\.m2\repository\org\seleniumhq\selenium\selenium-devtools-v115\4.11.0\selenium-de
Launcher Type: SUN_STANDARD

[Global flags]
     intx CICompilerCount                          = 4                                         {product} {ergonomic}
     uint ConcGCThreads                            = 3                                         {product} {ergonomic}
     uint G1ConcRefinementThreads                  = 10                                        {product} {ergonomic}
   size_t G1HeapRegionSize                         = 1048576                                   {product} {ergonomic}
    uintx GCDrainStackTargetSize                   = 64                                        {product} {ergonomic}
   size_t InitialHeapSize                          = 121634816                                 {product} {ergonomic}
   size_t MarkStackSize                            = 4194304                                   {product} {ergonomic}
   size_t MaxHeapSize                              = 1939865600                                {product} {ergonomic}
   size_t MaxNewSize                               = 1163919360                                {product} {ergonomic}
   size_t MinHeapDeltaBytes                        = 1048576                                   {product} {ergonomic}
   size_t MinHeapSize                              = 8388608                                   {product} {ergonomic}
    uintx NonNMethodCodeHeapSize                   = 5839372                                {pd product} {ergonomic}
    uintx NonProfiledCodeHeapSize                  = 122909434                              {pd product} {ergonomic}
    uintx ProfiledCodeHeapSize                     = 122909434                              {pd product} {ergonomic}
    uintx ReservedCodeCacheSize                    = 251658240                              {pd product} {ergonomic}
     bool SegmentedCodeCache                       = true                                      {product} {ergonomic}
   size_t SoftMaxHeapSize                          = 1939865600                             {manageable} {ergonomic}
     bool UseCompressedClassPointers               = true                           {product lp64_product} {ergonomic}
     bool UseCompressedOops                        = true                           {product lp64_product} {ergonomic}
     bool UseG1GC                                  = true                                      {product} {ergonomic}
     bool UseLargePagesIndividualAllocation        = false                                  {pd product} {ergonomic}

Logging:
Log output configuration:
 #0: stdout all=warning uptime,level,tags
 #1: stderr all=off uptime,level,tags

Environment Variables:
JAVA_HOME=C:\Program Files\Java\jdk-17
PATH=C:\Program Files\Common Files\Oracle\Java\javapath;C:\WINDOWS\system32;C:\WINDOWS;C:\WINDOWS\System32\Wbem;C:\WINDOWS\System32\WindowsPowerShell\v1.0\;C:\WINDOWS\System32\OpenSSH\;C:\Program Files\dotnet\;C:\Program Files\nodejs\;C:\Program Files\Java\jdk-17\bin;C:\Program Files\Java\jdk-17\bin;C:\Users\Mysense\AppData\Local\Android\Sdk\platforms;C:\Users\Mysense\AppData\Local\Android\Sdk;C:\Users\Mysense\AppData\Local\Android\Sdk\platform-tools;C:\Users\Mysense\AppData\Local\Microsoft\WindowsApps;C:\Users\Mysense\AppData\Local\Programs\Microsoft VS Code\bin;C:\Program Files\JetBrains\IntelliJ IDEA Community Edition 2022.2.4\bin;;C:\Users\Mysense\AppData\Roaming\npm;C:\Users\Mysense\AppData\Local\Android\Sdk\plateform-tools;%Android_Hom%\tools;
USERNAME=Mysense
OS=Windows_NT
PROCESSOR_IDENTIFIER=AMD64 Family 23 Model 96 Stepping 1, AuthenticAMD
TMP=C:\Users\Mysense\AppData\Local\Temp
TEMP=C:\Users\Mysense\AppData\Local\Temp


JNI global refs:
JNI global refs: 16, weak refs: 0

JNI global refs memory usage: 843, weak refs: 841

OOME stack traces (most recent first):
Classloader memory used:
Loader bootstrap                                                                       : 2428K
Loader jdk.internal.loader.ClassLoaders$AppClassLoader                                 : 1408K
Loader jdk.internal.loader.ClassLoaders$PlatformClassLoader                            : 36065B
Loader jdk.internal.reflect.DelegatingClassLoader                                      : 3396B


---------------  S Y S T E M  ---------------

OS:
 Windows 11 , 64 bit Build 22621 (10.0.22621.3374)
OS uptime: 6 days 15:48 hours
Hyper-V role detected

CPU: total 12 (initial active 12) (12 cores per cpu, 2 threads per core) family 23 model 96 stepping 1 microcode 0x0, cx8, cmov, fxsr, ht, mmx, 3dnowpref, sse, sse2, sse3, ssse3, sse4a, sse4.1, sse4.2, popcnt, lzcnt, tsc, tscinvbit, avx, avx2, aes, clmul, bmi1, bmi2, adx, sha, fma, vzeroupper, clflush, clflushopt, hv
Processor Information for all 12 processors :
  Max Mhz: 2100, Current Mhz: 2100, Mhz Limit: 2100

Memory: 4k page, system-wide physical 7399M (223M free)
TotalPageFile size 26247M (AvailPageFile size 2M)
current process WorkingSet (physical memory assigned to process): 145M, peak: 145M
current process commit charge ("private bytes"): 186M, peak: 236M

vm_info: OpenJDK 64-Bit Server VM (17.0.8+7-b1000.22) for windows-amd64 JRE (17.0.8+7-b1000.22), built on 2023-09-02 by "builduser" with MS VC++ 16.10 / 16.11 (VS2019)

END.
